<?xml version="1.0" encoding="UTF-8"?>
<testng-results ignored="0" total="1" passed="1" failed="0" skipped="0">
  <reporter-output>
  </reporter-output>
  <suite started-at="2021-10-26T16:00:30 IST" name="Default suite" finished-at="2021-10-26T16:01:05 IST" duration-ms="35222">
    <groups>
    </groups>
    <test started-at="2021-10-26T16:00:30 IST" name="Default test" finished-at="2021-10-26T16:01:05 IST" duration-ms="35222">
      <class name="TestClassCreation.Login">
        <test-method signature="LogintestPOM()[pri:0, instance:TestClassCreation.Login@2a265ea9]" started-at="2021-10-26T16:00:30 IST" name="LogintestPOM" finished-at="2021-10-26T16:01:05 IST" duration-ms="35165" status="PASS">
          <reporter-output>
          </reporter-output>
        </test-method> <!-- LogintestPOM -->
      </class> <!-- TestClassCreation.Login -->
    </test> <!-- Default test -->
  </suite> <!-- Default suite -->
</testng-results>
